2019.08.02 - 11:04:03HY093@@
2019.08.02 - 11:08:18 > HY093@@
2019.08.02 - 11:10:44 > HY093@@
2019.08.02 - 11:13:08 > HY093@@
2019.08.02 - 11:13:41 > HY093@@
2019.08.02 - 11:14:03 > HY093@@
2019.08.02 - 11:14:18 > HY093@@
2019.08.02 - 14:28:03 > HY093@@
2019.08.02 - 18:03:36 > 23000@1062@Duplicate entry '' for key 'title'
2019.08.02 - 18:05:38 > 23000@1062@Duplicate entry '' for key 'title'
2019.08.03 - 11:58:27 > 23000@1062@Duplicate entry 'lol1' for key 'title'
2019.08.03 - 13:46:31 > 23000-@-1062-@-Duplicate entry 'Как+++++++' for key 'title'
2019.08.03 - 13:48:46 > 23000-@-1062-@-Duplicate entry 'I learn php                      !!!!!' for key 'title'
2019.08.03 - 13:52:42 > 23000-@-1062-@-Duplicate entry 'I learn php                      !!!!!' for key 'title'
2019.08.03 - 13:54:36 > 23000-@-1062-@-Duplicate entry 'lol1' for key 'title'
2019.08.03 - 13:55:13 > 23000-@-1062-@-Duplicate entry 'lol1' for key 'title'
2019.08.03 - 13:55:36 > 23000-@-1062-@-Duplicate entry 'lol1' for key 'title'
2019.08.03 - 14:02:06 > 23000-@-1062-@-Duplicate entry 'lol' for key 'title'
2019.08.03 - 14:06:33 > 23000-@-1062-@-Duplicate entry 'lol1' for key 'title'
2019.08.06 - 18:14:00 > 42S22-@-1054-@-Unknown column 'id' in 'where clause'
2019.08.06 - 18:17:20 > 42S22-@-1054-@-Unknown column 'id' in 'where clause'
2019.08.06 - 18:17:55 > 42S22-@-1054-@-Unknown column 'id' in 'where clause'
